This file contains any messages produced by compilers while
running configure, to aid debugging if configure makes a mistake.

It was created by autodock configure 4.2.6, which was
generated by GNU Autoconf 2.69.  Invocation command line was

  $ ./configure distclean

## --------- ##
## Platform. ##
## --------- ##

hostname = everton-linuxdesktop
uname -m = x86_64
uname -r = 3.13.0-63-generic
uname -s = Linux
uname -v = #103-Ubuntu SMP Fri Aug 14 21:42:59 UTC 2015

/usr/bin/uname -p = unknown
/bin/uname -X     = unknown

/bin/arch              = unknown
/usr/bin/arch -k       = unknown
/usr/convex/getsysinfo = unknown
/usr/bin/hostinfo      = unknown
/bin/machine           = unknown
/usr/bin/oslevel       = unknown
/bin/universe          = unknown

PATH: /usr/local/cuda-7.5/bin
PATH: /usr/local/sbin
PATH: /usr/local/bin
PATH: /usr/sbin
PATH: /usr/bin
PATH: /sbin
PATH: /bin
PATH: /usr/games
PATH: /usr/local/games


## ----------- ##
## Core tests. ##
## ----------- ##

configure:2356: checking for a BSD-compatible install
configure:2424: result: /usr/bin/install -c
configure:2435: checking whether build environment is sane
configure:2490: result: yes
configure:2641: checking for a thread-safe mkdir -p
configure:2680: result: /bin/mkdir -p
configure:2687: checking for gawk
configure:2717: result: no
configure:2687: checking for mawk
configure:2703: found /usr/bin/mawk
configure:2714: result: mawk
configure:2725: checking whether make sets $(MAKE)
configure:2747: result: yes
configure:2842: checking for gawk
configure:2869: result: mawk
configure:2897: checking for distclean-g++
configure:2927: result: no
configure:2897: checking for distclean-c++
configure:2927: result: no
configure:2897: checking for distclean-gpp
configure:2927: result: no
configure:2897: checking for distclean-aCC
configure:2927: result: no
configure:2897: checking for distclean-CC
configure:2927: result: no
configure:2897: checking for distclean-cxx
configure:2927: result: no
configure:2897: checking for distclean-cc++
configure:2927: result: no
configure:2897: checking for distclean-cl.exe
configure:2927: result: no
configure:2897: checking for distclean-FCC
configure:2927: result: no
configure:2897: checking for distclean-KCC
configure:2927: result: no
configure:2897: checking for distclean-RCC
configure:2927: result: no
configure:2897: checking for distclean-xlC_r
configure:2927: result: no
configure:2897: checking for distclean-xlC
configure:2927: result: no
configure:2941: checking for g++
configure:2957: found /usr/bin/g++
configure:2968: result: g++
configure:2995: checking for C++ compiler version
configure:3004: g++ --version >&5
g++ (Ubuntu 4.8.4-2ubuntu1~14.04) 4.8.4
Copyright (C) 2013 Free Software Foundation, Inc.
This is free software; see the source for copying conditions.  There is NO
warranty; not even for MERCHANTABILITY or FITNESS FOR A PARTICULAR PURPOSE.

configure:3015: $? = 0
configure:3004: g++ -v >&5
Using built-in specs.
COLLECT_GCC=g++
COLLECT_LTO_WRAPPER=/usr/lib/gcc/x86_64-linux-gnu/4.8/lto-wrapper
Target: x86_64-linux-gnu
Configured with: ../src/configure -v --with-pkgversion='Ubuntu 4.8.4-2ubuntu1~14.04' --with-bugurl=file:///usr/share/doc/gcc-4.8/README.Bugs --enable-languages=c,c++,java,go,d,fortran,objc,obj-c++ --prefix=/usr --program-suffix=-4.8 --enable-shared --enable-linker-build-id --libexecdir=/usr/lib --without-included-gettext --enable-threads=posix --with-gxx-include-dir=/usr/include/c++/4.8 --libdir=/usr/lib --enable-nls --with-sysroot=/ --enable-clocale=gnu --enable-libstdcxx-debug --enable-libstdcxx-time=yes --enable-gnu-unique-object --disable-libmudflap --enable-plugin --with-system-zlib --disable-browser-plugin --enable-java-awt=gtk --enable-gtk-cairo --with-java-home=/usr/lib/jvm/java-1.5.0-gcj-4.8-amd64/jre --enable-java-home --with-jvm-root-dir=/usr/lib/jvm/java-1.5.0-gcj-4.8-amd64 --with-jvm-jar-dir=/usr/lib/jvm-exports/java-1.5.0-gcj-4.8-amd64 --with-arch-directory=amd64 --with-ecj-jar=/usr/share/java/eclipse-ecj.jar --enable-objc-gc --enable-multiarch --disable-werror --with-arch-32=i686 --with-abi=m64 --with-multilib-list=m32,m64,mx32 --with-tune=generic --enable-checking=release --build=x86_64-linux-gnu --host=x86_64-linux-gnu --target=x86_64-linux-gnu
Thread model: posix
gcc version 4.8.4 (Ubuntu 4.8.4-2ubuntu1~14.04) 
configure:3015: $? = 0
configure:3004: g++ -V >&5
g++: error: unrecognized command line option '-V'
g++: fatal error: no input files
compilation terminated.
configure:3015: $? = 4
configure:3004: g++ -qversion >&5
g++: error: unrecognized command line option '-qversion'
g++: fatal error: no input files
compilation terminated.
configure:3015: $? = 4
configure:3035: checking whether the C++ compiler works
configure:3057: g++    conftest.cpp  >&5
configure:3061: $? = 0
configure:3109: result: yes
configure:3112: checking for C++ compiler default output file name
configure:3114: result: a.out
configure:3120: checking for suffix of executables
configure:3127: g++ -o conftest    conftest.cpp  >&5
configure:3131: $? = 0
configure:3153: result: 
configure:3175: checking whether we are cross compiling
configure:3183: g++ -o conftest    conftest.cpp  >&5
configure:3187: $? = 0
configure:3194: ./conftest
configure:3198: $? = 0
configure:3213: result: no
configure:3218: checking for suffix of object files
configure:3240: g++ -c   conftest.cpp >&5
configure:3244: $? = 0
configure:3265: result: o
configure:3269: checking whether we are using the GNU C++ compiler
configure:3288: g++ -c   conftest.cpp >&5
configure:3288: $? = 0
configure:3297: result: yes
configure:3306: checking whether g++ accepts -g
configure:3326: g++ -c -g  conftest.cpp >&5
configure:3326: $? = 0
configure:3367: result: yes
configure:3401: checking for style of include used by make
configure:3429: result: GNU
configure:3455: checking dependency style of g++
configure:3566: result: gcc3
configure:3587: checking for distclean-ranlib
configure:3617: result: no
configure:3627: checking for ranlib
configure:3643: found /usr/bin/ranlib
configure:3654: result: ranlib
configure:3681: checking build system type
configure:3692: error: /bin/bash ./config.sub distclean failed

## ---------------- ##
## Cache variables. ##
## ---------------- ##

ac_cv_build=
ac_cv_cxx_compiler_gnu=yes
ac_cv_env_CCC_set=
ac_cv_env_CCC_value=
ac_cv_env_CC_set=
ac_cv_env_CC_value=
ac_cv_env_CFLAGS_set=
ac_cv_env_CFLAGS_value=
ac_cv_env_CPPFLAGS_set=
ac_cv_env_CPPFLAGS_value=
ac_cv_env_CPP_set=
ac_cv_env_CPP_value=
ac_cv_env_CXXFLAGS_set=
ac_cv_env_CXXFLAGS_value=
ac_cv_env_CXX_set=
ac_cv_env_CXX_value=
ac_cv_env_LDFLAGS_set=
ac_cv_env_LDFLAGS_value=
ac_cv_env_LIBS_set=
ac_cv_env_LIBS_value=
ac_cv_env_build_alias_set=set
ac_cv_env_build_alias_value=distclean
ac_cv_env_host_alias_set=set
ac_cv_env_host_alias_value=distclean
ac_cv_env_target_alias_set=set
ac_cv_env_target_alias_value=distclean
ac_cv_objext=o
ac_cv_path_install='/usr/bin/install -c'
ac_cv_path_mkdir=/bin/mkdir
ac_cv_prog_AWK=mawk
ac_cv_prog_ac_ct_CXX=g++
ac_cv_prog_ac_ct_RANLIB=ranlib
ac_cv_prog_cxx_g=yes
ac_cv_prog_make_make_set=yes
am_cv_CXX_dependencies_compiler_type=gcc3

## ----------------- ##
## Output variables. ##
## ----------------- ##

ACLOCAL='${SHELL} /home/everton/workspace/autodock-cuda/src/autodock/missing --run aclocal-1.12'
AMDEPBACKSLASH='\'
AMDEP_FALSE='#'
AMDEP_TRUE=''
AMTAR='$${TAR-tar}'
AUTOCONF='${SHELL} /home/everton/workspace/autodock-cuda/src/autodock/missing --run autoconf'
AUTOHEADER='${SHELL} /home/everton/workspace/autodock-cuda/src/autodock/missing --run autoheader'
AUTOMAKE='${SHELL} /home/everton/workspace/autodock-cuda/src/autodock/missing --run automake-1.12'
AWK='mawk'
CC=''
CCDEPMODE=''
CFLAGS=''
CPP=''
CPPFLAGS=''
CXX='g++'
CXXDEPMODE='depmode=gcc3'
CXXFLAGS=''
CYGPATH_W='echo'
DEFS=''
DEPDIR='.deps'
ECHO_C=''
ECHO_N='-n'
ECHO_T=''
EGREP=''
EXEEXT=''
GREP=''
INSTALL_DATA='${INSTALL} -m 644'
INSTALL_PROGRAM='${INSTALL}'
INSTALL_SCRIPT='${INSTALL}'
INSTALL_STRIP_PROGRAM='$(install_sh) -c -s'
LDFLAGS=''
LIBOBJS=''
LIBS=''
LTLIBOBJS=''
MAKEINFO='${SHELL} /home/everton/workspace/autodock-cuda/src/autodock/missing --run makeinfo'
MKDIR_P='/bin/mkdir -p'
OBJEXT='o'
OPENMP_CXXFLAGS=''
PACKAGE='autodock'
PACKAGE_BUGREPORT='autodock@scripps.edu'
PACKAGE_NAME='autodock'
PACKAGE_STRING='autodock 4.2.6'
PACKAGE_TARNAME='autodock'
PACKAGE_URL=''
PACKAGE_VERSION='4.2.6'
PATH_SEPARATOR=':'
RANLIB='ranlib'
SET_MAKE=''
SHELL='/bin/bash'
STRIP=''
VERSION='4.2.6'
WANT_BIGSTACK_FALSE=''
WANT_BIGSTACK_TRUE=''
WANT_OMP_FALSE=''
WANT_OMP_TRUE=''
ac_ct_CC=''
ac_ct_CXX='g++'
am__EXEEXT_FALSE=''
am__EXEEXT_TRUE=''
am__fastdepCC_FALSE=''
am__fastdepCC_TRUE=''
am__fastdepCXX_FALSE='#'
am__fastdepCXX_TRUE=''
am__include='include'
am__isrc=''
am__leading_dot='.'
am__nodep='_no'
am__quote=''
am__tar='$${TAR-tar} chof - "$$tardir"'
am__untar='$${TAR-tar} xf -'
bindir='${exec_prefix}/bin'
build='distclean'
build_alias='distclean'
build_cpu=''
build_os=''
build_vendor=''
datadir='${datarootdir}'
datarootdir='${prefix}/share'
docdir='${datarootdir}/doc/${PACKAGE_TARNAME}'
dvidir='${docdir}'
exec_prefix='NONE'
host='distclean'
host_alias='distclean'
host_cpu=''
host_os=''
host_vendor=''
htmldir='${docdir}'
includedir='${prefix}/include'
infodir='${datarootdir}/info'
install_sh='${SHELL} /home/everton/workspace/autodock-cuda/src/autodock/install-sh'
libdir='${exec_prefix}/lib'
libexecdir='${exec_prefix}/libexec'
localedir='${datarootdir}/locale'
localstatedir='${prefix}/var'
mandir='${datarootdir}/man'
mkdir_p='$(MKDIR_P)'
oldincludedir='/usr/include'
pdfdir='${docdir}'
prefix='NONE'
program_transform_name='s,x,x,'
psdir='${docdir}'
sbindir='${exec_prefix}/sbin'
sharedstatedir='${prefix}/com'
sysconfdir='${prefix}/etc'
target_alias='distclean'

## ----------- ##
## confdefs.h. ##
## ----------- ##

/* confdefs.h */
#define PACKAGE_NAME "autodock"
#define PACKAGE_TARNAME "autodock"
#define PACKAGE_VERSION "4.2.6"
#define PACKAGE_STRING "autodock 4.2.6"
#define PACKAGE_BUGREPORT "autodock@scripps.edu"
#define PACKAGE_URL ""
#define PACKAGE "autodock"
#define VERSION "4.2.6"

configure: exit 1
